music_module/build/outputs/logs/manifest-merger-debug-report.txt
-- Merging decision tree log ---
manifest
ADDED from main\debug\AndroidManifest.xml:2:1-48:12
INJECTED from main\debug\AndroidManifest.xml:2:1-48:12
INJECTED from main\debug\AndroidManifest.xml:2:1-48:12
MERGED from [:common_library] AndroidManifest.xml:2:1-13:12
MERGED from [com.android.support:design:27.1.1] AndroidManifest.xml:17:1-22:12
MERGED from [com.github.pinguo-zhouwei:MZBannerView:v2.0.2] AndroidManifest.xml:2:1-17:12
MERGED from [com.android.support:appcompat-v7:27.1.1] AndroidManifest.xml:17:1-22:12
MERGED from [com.android.support.constraint:constraint-layout:1.1.3] AndroidManifest.xml:2:1-11:12
MERGED from [com.alibaba:arouter-api:1.3.1] AndroidManifest.xml:2:1-10:12
MERGED from [com.android.support:support-v4:27.1.1] AndroidManifest.xml:17:1-22:12
MERGED from [cn.bingoogolapple:bga-banner:2.2.5] AndroidManifest.xml:2:1-9:12
MERGED from [com.jakewharton:butterknife:8.8.1] AndroidManifest.xml:2:1-7:12
MERGED from [cn.gavinliu.android.lib:ShapedImageView:0.8.4] AndroidManifest.xml:2:1-17:12
MERGED from [com.flyco.tablayout:FlycoTabLayout_Lib:2.1.2] AndroidManifest.xml:2:1-12:12
MERGED from [android.arch.lifecycle:extensions:1.1.1] AndroidManifest.xml:17:1-30:12
MERGED from [io.reactivex.rxjava2:rxandroid:2.1.1] AndroidManifest.xml:15:1-20:12
MERGED from [com.android.support:support-fragment:27.1.1] AndroidManifest.xml:17:1-22:12
MERGED from [com.android.support:animated-vector-drawable:27.1.1] AndroidManifest.xml:17:1-22:12
MERGED from [com.android.support:recyclerview-v7:27.1.1] AndroidManifest.xml:17:1-22:12
MERGED from [com.android.support:support-core-ui:27.1.1] AndroidManifest.xml:17:1-22:12
MERGED from [com.android.support:support-core-utils:27.1.1] AndroidManifest.xml:17:1-22:12
MERGED from [com.android.support:support-vector-drawable:27.1.1] AndroidManifest.xml:17:1-22:12
MERGED from [com.android.support:transition:27.1.1] AndroidManifest.xml:17:1-22:12
MERGED from [com.android.support:support-media-compat:27.1.1] AndroidManifest.xml:17:1-22:12
MERGED from [com.android.support:support-compat:27.1.1] AndroidManifest.xml:17:1-22:12
MERGED from [android.arch.lifecycle:runtime:1.1.1] AndroidManifest.xml:17:1-22:12
MERGED from [android.arch.lifecycle:livedata:1.1.1] AndroidManifest.xml:17:1-22:12
MERGED from [android.arch.lifecycle:livedata-core:1.1.1] AndroidManifest.xml:17:1-22:12
MERGED from [android.arch.core:runtime:1.1.1] AndroidManifest.xml:17:1-22:12
MERGED from [android.arch.lifecycle:viewmodel:1.1.1] AndroidManifest.xml:17:1-22:12
INJECTED from main\debug\AndroidManifest.xml:2:1-48:12
INJECTED from main\debug\AndroidManifest.xml:2:1-48:12
	package
		ADDED from main\debug\AndroidManifest.xml:4:5-37
	android:versionName
		INJECTED from main\debug\AndroidManifest.xml
		ADDED from main\debug\AndroidManifest.xml:2:1-48:12
		INJECTED from main\debug\AndroidManifest.xml
	xmlns:tools
		ADDED from main\debug\AndroidManifest.xml:3:5-51
	android:versionCode
		INJECTED from main\debug\AndroidManifest.xml
		ADDED from main\debug\AndroidManifest.xml:2:1-48:12
		INJECTED from main\debug\AndroidManifest.xml
	xmlns:android
		ADDED from main\debug\AndroidManifest.xml:2:11-69
uses-permission#android.permission.INTERNET
ADDED from main\debug\AndroidManifest.xml:6:5-67
	android:name
		ADDED from main\debug\AndroidManifest.xml:6:22-64
uses-permission#android.permission.READ_EXTERNAL_STORAGE
ADDED from main\debug\AndroidManifest.xml:7:5-80
	android:name
		ADDED from main\debug\AndroidManifest.xml:7:22-77
uses-permission#android.permission.WRITE_EXTERNAL_STORAGE
ADDED from main\debug\AndroidManifest.xml:8:5-81
	android:name
		ADDED from main\debug\AndroidManifest.xml:8:22-78
application
ADDED from main\debug\AndroidManifest.xml:10:5-46:19
MERGED from [:common_library] AndroidManifest.xml:11:5-20
MERGED from [:common_library] AndroidManifest.xml:11:5-20
MERGED from [com.github.pinguo-zhouwei:MZBannerView:v2.0.2] AndroidManifest.xml:11:5-15:19
MERGED from [com.github.pinguo-zhouwei:MZBannerView:v2.0.2] AndroidManifest.xml:11:5-15:19
MERGED from [com.android.support.constraint:constraint-layout:1.1.3] AndroidManifest.xml:9:5-20
MERGED from [com.android.support.constraint:constraint-layout:1.1.3] AndroidManifest.xml:9:5-20
MERGED from [cn.gavinliu.android.lib:ShapedImageView:0.8.4] AndroidManifest.xml:11:5-15:19
MERGED from [cn.gavinliu.android.lib:ShapedImageView:0.8.4] AndroidManifest.xml:11:5-15:19
MERGED from [android.arch.lifecycle:extensions:1.1.1] AndroidManifest.xml:22:5-28:19
MERGED from [android.arch.lifecycle:extensions:1.1.1] AndroidManifest.xml:22:5-28:19
	android:supportsRtl
		ADDED from main\debug\AndroidManifest.xml:16:9-35
	android:label
		ADDED from main\debug\AndroidManifest.xml:14:9-41
		REJECTED from [com.github.pinguo-zhouwei:MZBannerView:v2.0.2] AndroidManifest.xml:13:9-41
		REJECTED from [cn.gavinliu.android.lib:ShapedImageView:0.8.4] AndroidManifest.xml:13:9-41
	android:roundIcon
		ADDED from main\debug\AndroidManifest.xml:15:9-54
	android:icon
		ADDED from main\debug\AndroidManifest.xml:13:9-43
	android:allowBackup
		ADDED from main\debug\AndroidManifest.xml:12:9-35
		REJECTED from [com.github.pinguo-zhouwei:MZBannerView:v2.0.2] AndroidManifest.xml:12:9-35
		REJECTED from [cn.gavinliu.android.lib:ShapedImageView:0.8.4] AndroidManifest.xml:12:9-36
	android:theme
		ADDED from main\debug\AndroidManifest.xml:17:9-52
	tools:replace
		ADDED from main\debug\AndroidManifest.xml:18:9-74
	android:name
		ADDED from main\debug\AndroidManifest.xml:11:9-38
service#com.lcgao.music_module.music.PlayMusicService
ADDED from main\debug\AndroidManifest.xml:19:9-22:39
	android:enabled
		ADDED from main\debug\AndroidManifest.xml:21:13-35
	android:exported
		ADDED from main\debug\AndroidManifest.xml:22:13-36
	android:name
		ADDED from main\debug\AndroidManifest.xml:20:13-51
activity#com.lcgao.music_module.music.view.ScanLocalMusicActivity
ADDED from main\debug\AndroidManifest.xml:24:9-71
	android:name
		ADDED from main\debug\AndroidManifest.xml:24:19-68
activity#com.lcgao.music_module.music.view.LocalMusicActivity
ADDED from main\debug\AndroidManifest.xml:25:9-67
	android:name
		ADDED from main\debug\AndroidManifest.xml:25:19-64
activity#com.lcgao.music_module.music.view.PlayMusicActivity
ADDED from main\debug\AndroidManifest.xml:26:9-29:71
	android:label
		ADDED from main\debug\AndroidManifest.xml:28:13-57
	android:theme
		ADDED from main\debug\AndroidManifest.xml:29:13-68
	android:name
		ADDED from main\debug\AndroidManifest.xml:27:13-57
activity#com.lcgao.music_module.MainActivity
ADDED from main\debug\AndroidManifest.xml:30:9-44:20
	android:label
		ADDED from main\debug\AndroidManifest.xml:32:13-56
	android:theme
		ADDED from main\debug\AndroidManifest.xml:33:13-68
	android:name
		ADDED from main\debug\AndroidManifest.xml:31:13-41
intent-filter#action:name:android.intent.action.MAIN+action:name:android.intent.action.VIEW+category:name:android.intent.category.BROWSABLE+category:name:android.intent.category.DEFAULT+category:name:android.intent.category.LAUNCHER+data:host:com.lcgao.music_module+data:scheme:router
ADDED from main\debug\AndroidManifest.xml:34:13-43:29
action#android.intent.action.MAIN
ADDED from main\debug\AndroidManifest.xml:35:17-69
	android:name
		ADDED from main\debug\AndroidManifest.xml:35:25-66
category#android.intent.category.LAUNCHER
ADDED from main\debug\AndroidManifest.xml:36:17-77
	android:name
		ADDED from main\debug\AndroidManifest.xml:36:27-74
category#android.intent.category.DEFAULT
ADDED from main\debug\AndroidManifest.xml:37:17-76
	android:name
		ADDED from main\debug\AndroidManifest.xml:37:27-73
category#android.intent.category.BROWSABLE
ADDED from main\debug\AndroidManifest.xml:38:17-78
	android:name
		ADDED from main\debug\AndroidManifest.xml:38:27-75
action#android.intent.action.VIEW
ADDED from main\debug\AndroidManifest.xml:39:17-69
	android:name
		ADDED from main\debug\AndroidManifest.xml:39:25-66
data
ADDED from main\debug\AndroidManifest.xml:40:17-42:47
	android:host
		ADDED from main\debug\AndroidManifest.xml:41:21-58
	android:scheme
		ADDED from main\debug\AndroidManifest.xml:42:21-44
activity#com.lcgao.music_module.HomeActivity
ADDED from main\debug\AndroidManifest.xml:45:9-50
	android:name
		ADDED from main\debug\AndroidManifest.xml:45:19-47
uses-sdk
INJECTED from main\debug\AndroidManifest.xml reason: use-sdk injection requested
INJECTED from main\debug\AndroidManifest.xml
INJECTED from main\debug\AndroidManifest.xml
MERGED from [:common_library] AndroidManifest.xml:7:5-9:41
MERGED from [:common_library] AndroidManifest.xml:7:5-9:41
MERGED from [com.android.support:design:27.1.1] AndroidManifest.xml:20:5-44
MERGED from [com.android.support:design:27.1.1] AndroidManifest.xml:20:5-44
MERGED from [com.github.pinguo-zhouwei:MZBannerView:v2.0.2] AndroidManifest.xml:7:5-9:41
MERGED from [com.github.pinguo-zhouwei:MZBannerView:v2.0.2] AndroidManifest.xml:7:5-9:41
MERGED from [com.android.support:appcompat-v7:27.1.1] AndroidManifest.xml:20:5-44
MERGED from [com.android.support:appcompat-v7:27.1.1] AndroidManifest.xml:20:5-44
MERGED from [com.android.support.constraint:constraint-layout:1.1.3] AndroidManifest.xml:5:5-7:41
MERGED from [com.android.support.constraint:constraint-layout:1.1.3] AndroidManifest.xml:5:5-7:41
MERGED from [com.alibaba:arouter-api:1.3.1] AndroidManifest.xml:6:5-8:41
MERGED from [com.alibaba:arouter-api:1.3.1] AndroidManifest.xml:6:5-8:41
MERGED from [com.android.support:support-v4:27.1.1] AndroidManifest.xml:20:5-44
MERGED from [com.android.support:support-v4:27.1.1] AndroidManifest.xml:20:5-44
MERGED from [cn.bingoogolapple:bga-banner:2.2.5] AndroidManifest.xml:5:5-7:41
MERGED from [cn.bingoogolapple:bga-banner:2.2.5] AndroidManifest.xml:5:5-7:41
MERGED from [com.jakewharton:butterknife:8.8.1] AndroidManifest.xml:5:5-43
MERGED from [com.jakewharton:butterknife:8.8.1] AndroidManifest.xml:5:5-43
MERGED from [cn.gavinliu.android.lib:ShapedImageView:0.8.4] AndroidManifest.xml:7:5-9:41
MERGED from [cn.gavinliu.android.lib:ShapedImageView:0.8.4] AndroidManifest.xml:7:5-9:41
MERGED from [com.flyco.tablayout:FlycoTabLayout_Lib:2.1.2] AndroidManifest.xml:8:5-10:41
MERGED from [com.flyco.tablayout:FlycoTabLayout_Lib:2.1.2] AndroidManifest.xml:8:5-10:41
MERGED from [android.arch.lifecycle:extensions:1.1.1] AndroidManifest.xml:20:5-44
MERGED from [android.arch.lifecycle:extensions:1.1.1] AndroidManifest.xml:20:5-44
MERGED from [io.reactivex.rxjava2:rxandroid:2.1.1] AndroidManifest.xml:18:5-43
MERGED from [io.reactivex.rxjava2:rxandroid:2.1.1] AndroidManifest.xml:18:5-43
MERGED from [com.android.support:support-fragment:27.1.1] AndroidManifest.xml:20:5-44
MERGED from [com.android.support:support-fragment:27.1.1] AndroidManifest.xml:20:5-44
MERGED from [com.android.support:animated-vector-drawable:27.1.1] AndroidManifest.xml:20:5-44
MERGED from [com.android.support:animated-vector-drawable:27.1.1] AndroidManifest.xml:20:5-44
MERGED from [com.android.support:recyclerview-v7:27.1.1] AndroidManifest.xml:20:5-44
MERGED from [com.android.support:recyclerview-v7:27.1.1] AndroidManifest.xml:20:5-44
MERGED from [com.android.support:support-core-ui:27.1.1] AndroidManifest.xml:20:5-44
MERGED from [com.android.support:support-core-ui:27.1.1] AndroidManifest.xml:20:5-44
MERGED from [com.android.support:support-core-utils:27.1.1] AndroidManifest.xml:20:5-44
MERGED from [com.android.support:support-core-utils:27.1.1] AndroidManifest.xml:20:5-44
MERGED from [com.android.support:support-vector-drawable:27.1.1] AndroidManifest.xml:20:5-44
MERGED from [com.android.support:support-vector-drawable:27.1.1] AndroidManifest.xml:20:5-44
MERGED from [com.android.support:transition:27.1.1] AndroidManifest.xml:20:5-44
MERGED from [com.android.support:transition:27.1.1] AndroidManifest.xml:20:5-44
MERGED from [com.android.support:support-media-compat:27.1.1] AndroidManifest.xml:20:5-44
MERGED from [com.android.support:support-media-compat:27.1.1] AndroidManifest.xml:20:5-44
MERGED from [com.android.support:support-compat:27.1.1] AndroidManifest.xml:20:5-44
MERGED from [com.android.support:support-compat:27.1.1] AndroidManifest.xml:20:5-44
MERGED from [android.arch.lifecycle:runtime:1.1.1] AndroidManifest.xml:20:5-44
MERGED from [android.arch.lifecycle:runtime:1.1.1] AndroidManifest.xml:20:5-44
MERGED from [android.arch.lifecycle:livedata:1.1.1] AndroidManifest.xml:20:5-44
MERGED from [android.arch.lifecycle:livedata:1.1.1] AndroidManifest.xml:20:5-44
MERGED from [android.arch.lifecycle:livedata-core:1.1.1] AndroidManifest.xml:20:5-44
MERGED from [android.arch.lifecycle:livedata-core:1.1.1] AndroidManifest.xml:20:5-44
MERGED from [android.arch.core:runtime:1.1.1] AndroidManifest.xml:20:5-44
MERGED from [android.arch.core:runtime:1.1.1] AndroidManifest.xml:20:5-44
MERGED from [android.arch.lifecycle:viewmodel:1.1.1] AndroidManifest.xml:20:5-44
MERGED from [android.arch.lifecycle:viewmodel:1.1.1] AndroidManifest.xml:20:5-44
INJECTED from main\debug\AndroidManifest.xml
INJECTED from main\debug\AndroidManifest.xml
	android:targetSdkVersion
		INJECTED from main\debug\AndroidManifest.xml
		ADDED from main\debug\AndroidManifest.xml
		INJECTED from main\debug\AndroidManifest.xml
	android:minSdkVersion
		INJECTED from main\debug\AndroidManifest.xml
		ADDED from main\debug\AndroidManifest.xml
		INJECTED from main\debug\AndroidManifest.xml
provider#android.arch.lifecycle.ProcessLifecycleOwnerInitializer
ADDED from [android.arch.lifecycle:extensions:1.1.1] AndroidManifest.xml:23:9-27:43
	android:authorities
		ADDED from [android.arch.lifecycle:extensions:1.1.1] AndroidManifest.xml:25:13-68
	android:multiprocess
		ADDED from [android.arch.lifecycle:extensions:1.1.1] AndroidManifest.xml:27:13-40
	android:exported
		ADDED from [android.arch.lifecycle:extensions:1.1.1] AndroidManifest.xml:26:13-37
	android:name
		ADDED from [android.arch.lifecycle:extensions:1.1.1] AndroidManifest.xml:24:13-83